# JRE version: Java(TM) SE Runtime Environment (8.0_151-b12) (build 1.8.0_151-b12)
# Java VM: Java HotSpot(TM) 64-Bit Server VM (25.151-b12 mixed mode windows-amd64 compressed oops)
Heap:
 PSYoungGen      total 9728K, used 605K [0x00000000f5b80000, 0x00000000f6600000, 0x0000000100000000)
  eden space 8704K, 6% used [0x00000000f5b80000,0x00000000f5c17508,0x00000000f6400000)
  from space 1024K, 0% used [0x00000000f6500000,0x00000000f6500000,0x00000000f6600000)
  to   space 1024K, 0% used [0x00000000f6400000,0x00000000f6400000,0x00000000f6500000)
 ParOldGen       total 20992K, used 3204K [0x00000000e1200000, 0x00000000e2680000, 0x00000000f5b80000)
  object space 20992K, 15% used [0x00000000e1200000,0x00000000e1521270,0x00000000e2680000)
 Metaspace       used 7552K, capacity 7722K, committed 7936K, reserved 1058816K
  class space    used 860K, capacity 935K, committed 1024K, reserved 1048576K
GC Heap History (6 events):
Event: 1.122 GC heap before
{Heap before GC invocations=1 (full 0):
 PSYoungGen      total 9728K, used 8704K [0x00000000f5b80000, 0x00000000f6600000, 0x0000000100000000)
  eden space 8704K, 100% used [0x00000000f5b80000,0x00000000f6400000,0x00000000f6400000)
  from space 1024K, 0% used [0x00000000f6500000,0x00000000f6500000,0x00000000f6600000)
  to   space 1024K, 0% used [0x00000000f6400000,0x00000000f6400000,0x00000000f6500000)
 ParOldGen       total 22016K, used 0K [0x00000000e1200000, 0x00000000e2780000, 0x00000000f5b80000)
  object space 22016K, 0% used [0x00000000e1200000,0x00000000e1200000,0x00000000e2780000)
 Metaspace       used 6339K, capacity 6538K, committed 6784K, reserved 1056768K
  class space    used 701K, capacity 775K, committed 896K, reserved 1048576K
Event: 1.131 GC heap after
Heap after GC invocations=1 (full 0):
 PSYoungGen      total 9728K, used 1024K [0x00000000f5b80000, 0x00000000f6600000, 0x0000000100000000)
  eden space 8704K, 0% used [0x00000000f5b80000,0x00000000f5b80000,0x00000000f6400000)
  from space 1024K, 100% used [0x00000000f6400000,0x00000000f6500000,0x00000000f6500000)
  to   space 1024K, 0% used [0x00000000f6500000,0x00000000f6500000,0x00000000f6600000)
 ParOldGen       total 22016K, used 1261K [0x00000000e1200000, 0x00000000e2780000, 0x00000000f5b80000)
  object space 22016K, 5% used [0x00000000e1200000,0x00000000e133b678,0x00000000e2780000)
 Metaspace       used 6339K, capacity 6538K, committed 6784K, reserved 1056768K
  class space    used 701K, capacity 775K, committed 896K, reserved 1048576K
}
Event: 1.552 GC heap before
{Heap before GC invocations=2 (full 0):
 PSYoungGen      total 9728K, used 6300K [0x00000000f5b80000, 0x00000000f6600000, 0x0000000100000000)
  eden space 8704K, 60% used [0x00000000f5b80000,0x00000000f60a73c8,0x00000000f6400000)
  from space 1024K, 100% used [0x00000000f6400000,0x00000000f6500000,0x00000000f6500000)
  to   space 1024K, 0% used [0x00000000f6500000,0x00000000f6500000,0x00000000f6600000)
 ParOldGen       total 22016K, used 1261K [0x00000000e1200000, 0x00000000e2780000, 0x00000000f5b80000)
  object space 22016K, 5% used [0x00000000e1200000,0x00000000e133b678,0x00000000e2780000)
 Metaspace       used 7369K, capacity 7498K, committed 7680K, reserved 1060864K
  class space    used 827K, capacity 903K, committed 1024K, reserved 1048576K
Event: 1.564 GC heap after
Heap after GC invocations=2 (full 0):
 PSYoungGen      total 9728K, used 1000K [0x00000000f5b80000, 0x00000000f6600000, 0x0000000100000000)
  eden space 8704K, 0% used [0x00000000f5b80000,0x00000000f5b80000,0x00000000f6400000)
  from space 1024K, 97% used [0x00000000f6500000,0x00000000f65fa338,0x00000000f6600000)
  to   space 1024K, 0% used [0x00000000f6400000,0x00000000f6400000,0x00000000f6500000)
 ParOldGen       total 22016K, used 3505K [0x00000000e1200000, 0x00000000e2780000, 0x00000000f5b80000)
  object space 22016K, 15% used [0x00000000e1200000,0x00000000e156c490,0x00000000e2780000)
 Metaspace       used 7369K, capacity 7498K, committed 7680K, reserved 1060864K
  class space    used 827K, capacity 903K, committed 1024K, reserved 1048576K
}
Event: 1.564 GC heap before
{Heap before GC invocations=3 (full 1):
 PSYoungGen      total 9728K, used 1000K [0x00000000f5b80000, 0x00000000f6600000, 0x0000000100000000)
  eden space 8704K, 0% used [0x00000000f5b80000,0x00000000f5b80000,0x00000000f6400000)
  from space 1024K, 97% used [0x00000000f6500000,0x00000000f65fa338,0x00000000f6600000)
  to   space 1024K, 0% used [0x00000000f6400000,0x00000000f6400000,0x00000000f6500000)
 ParOldGen       total 22016K, used 3505K [0x00000000e1200000, 0x00000000e2780000, 0x00000000f5b80000)
  object space 22016K, 15% used [0x00000000e1200000,0x00000000e156c490,0x00000000e2780000)
 Metaspace       used 7369K, capacity 7498K, committed 7680K, reserved 1060864K
  class space    used 827K, capacity 903K, committed 1024K, reserved 1048576K
Event: 1.621 GC heap after
Heap after GC invocations=3 (full 1):
 PSYoungGen      total 9728K, used 0K [0x00000000f5b80000, 0x00000000f6600000, 0x0000000100000000)
  eden space 8704K, 0% used [0x00000000f5b80000,0x00000000f5b80000,0x00000000f6400000)
  from space 1024K, 0% used [0x00000000f6500000,0x00000000f6500000,0x00000000f6600000)
  to   space 1024K, 0% used [0x00000000f6400000,0x00000000f6400000,0x00000000f6500000)
 ParOldGen       total 20992K, used 3204K [0x00000000e1200000, 0x00000000e2680000, 0x00000000f5b80000)
  object space 20992K, 15% used [0x00000000e1200000,0x00000000e1521270,0x00000000e2680000)
 Metaspace       used 7369K, capacity 7498K, committed 7680K, reserved 1058816K
  class space    used 827K, capacity 903K, committed 1024K, reserved 1048576K
}

